<?xml version="1.0" encoding="UTF-8"?>
<!-- Generated by org.testng.reporters.JUnitXMLReporter -->
<testsuite hostname="SACHINKE02" ignored="0" name="Login to ATA" tests="1" failures="1" timestamp="26 Jun 2020 08:12:01 GMT" time="8.726" errors="0">
  <testcase name="validation" time="1.585" classname="com.project.tests.LoginToMobileApp">
    <failure type="org.openqa.selenium.WebDriverException" message="Method is not implemented
Build info: version: &amp;apos;3.9.1&amp;apos;, revision: &amp;apos;63f7b50&amp;apos;, time: &amp;apos;2018-02-07T22:25:02.294Z&amp;apos;
System info: host: &amp;apos;SACHINKE02&amp;apos;, ip: &amp;apos;10.80.147.173&amp;apos;, os.name: &amp;apos;Windows 10&amp;apos;, os.arch: &amp;apos;x86&amp;apos;, os.version: &amp;apos;10.0&amp;apos;, java.version: &amp;apos;1.8.0_161&amp;apos;
Driver info: io.appium.java_client.android.AndroidDriver
Capabilities {appActivity: crc6452b5a51491009fe9.Splas..., appPackage: uk.gov.tfl.paytodrive, appWaitActivity: crc64b976859a4c39c788.MainM..., appWaitPackage: uk.gov.tfl.paytodrive, autoGrantPermissions: true, automationName: UiAutomator1, databaseEnabled: false, desired: {appActivity: crc6452b5a51491009fe9.Splas..., appPackage: uk.gov.tfl.paytodrive, appWaitActivity: crc64b976859a4c39c788.MainM..., appWaitPackage: uk.gov.tfl.paytodrive, autoGrantPermissions: true, automationName: UiAutomator1, deviceName: MyPhone, newCommandTimeout: 90000, noReset: true, platformName: android, platformVersion: 10, udid: 89RX0ED00}, deviceManufacturer: Google, deviceModel: Pixel 3, deviceName: 89RX0ED00, deviceScreenSize: 1080x2160, deviceUDID: 89RX0ED00, javascriptEnabled: true, locationContextEnabled: false, networkConnectionEnabled: true, newCommandTimeout: 90000, noReset: true, platform: LINUX, platformName: LINUX, platformVersion: 10, takesScreenshot: true, udid: 89RX0ED00, warnings: {}, webStorageEnabled: false}
Session ID: c66ba993-14ac-4d6f-899d-8329f4318992">
      <![CDATA[org.openqa.selenium.WebDriverException: Method is not implemented
Build info: version: '3.9.1', revision: '63f7b50', time: '2018-02-07T22:25:02.294Z'
System info: host: 'SACHINKE02', ip: '10.80.147.173', os.name: 'Windows 10', os.arch: 'x86', os.version: '10.0', java.version: '1.8.0_161'
Driver info: io.appium.java_client.android.AndroidDriver
Capabilities {appActivity: crc6452b5a51491009fe9.Splas..., appPackage: uk.gov.tfl.paytodrive, appWaitActivity: crc64b976859a4c39c788.MainM..., appWaitPackage: uk.gov.tfl.paytodrive, autoGrantPermissions: true, automationName: UiAutomator1, databaseEnabled: false, desired: {appActivity: crc6452b5a51491009fe9.Splas..., appPackage: uk.gov.tfl.paytodrive, appWaitActivity: crc64b976859a4c39c788.MainM..., appWaitPackage: uk.gov.tfl.paytodrive, autoGrantPermissions: true, automationName: UiAutomator1, deviceName: MyPhone, newCommandTimeout: 90000, noReset: true, platformName: android, platformVersion: 10, udid: 89RX0ED00}, deviceManufacturer: Google, deviceModel: Pixel 3, deviceName: 89RX0ED00, deviceScreenSize: 1080x2160, deviceUDID: 89RX0ED00, javascriptEnabled: true, locationContextEnabled: false, networkConnectionEnabled: true, newCommandTimeout: 90000, noReset: true, platform: LINUX, platformName: LINUX, platformVersion: 10, takesScreenshot: true, udid: 89RX0ED00, warnings: {}, webStorageEnabled: false}
Session ID: c66ba993-14ac-4d6f-899d-8329f4318992
	at org.openqa.selenium.remote.http.W3CHttpResponseCodec.createException(W3CHttpResponseCodec.java:187)
	at org.openqa.selenium.remote.http.W3CHttpResponseCodec.decode(W3CHttpResponseCodec.java:122)
	at org.openqa.selenium.remote.http.W3CHttpResponseCodec.decode(W3CHttpResponseCodec.java:49)
	at org.openqa.selenium.remote.HttpCommandExecutor.execute(HttpCommandExecutor.java:160)
	at io.appium.java_client.remote.AppiumCommandExecutor.execute(AppiumCommandExecutor.java:69)
	at org.openqa.selenium.remote.RemoteWebDriver.execute(RemoteWebDriver.java:601)
	at io.appium.java_client.DefaultGenericMobileDriver.execute(DefaultGenericMobileDriver.java:40)
	at io.appium.java_client.AppiumDriver.execute(AppiumDriver.java:1)
	at io.appium.java_client.android.AndroidDriver.execute(AndroidDriver.java:1)
	at org.openqa.selenium.remote.RemoteWebElement.execute(RemoteWebElement.java:279)
	at io.appium.java_client.DefaultGenericMobileElement.execute(DefaultGenericMobileElement.java:33)
	at io.appium.java_client.MobileElement.execute(MobileElement.java:1)
	at io.appium.java_client.android.AndroidElement.execute(AndroidElement.java:1)
	at org.openqa.selenium.remote.RemoteWebElement.isDisplayed(RemoteWebElement.java:320)
	at com.project.pages.MobileAppSignInPage.fLogin(MobileAppSignInPage.java:61)
	at com.project.tests.LoginToMobileApp.validation(LoginToMobileApp.java:29)
... Removed 29 stack frames]]>
    </failure>
  </testcase> <!-- validation -->
</testsuite> <!-- Login to ATA -->
