<?xml version="1.0" encoding="UTF-8"?>
<!-- Generated by org.testng.reporters.JUnitXMLReporter -->
<testsuite hostname="SACHINKE02" ignored="0" name="LoginToMI_2" tests="1" failures="1" timestamp="23 Sep 2019 12:29:05 GMT" time="6.993" errors="0">
  <testcase name="@AfterClass automationTeardown" time="0.0" classname="com.saf.framework.TestNGBase">
    <failure type="java.lang.NullPointerException">
        <![CDATA[java.lang.NullPointerException
	at com.saf.framework.TestNGBase.automationTeardown(MyTestNGBaseClass.java:117)
... Removed 25 stack frames]]>
    </failure>
  </testcase> <!-- @AfterClass automationTeardown -->
  <testcase name="validation" time="0.246" classname="com.project.tests.LoginToMI">
    <failure type="java.lang.NullPointerException">
      <![CDATA[java.lang.NullPointerException
	at com.project.pages.MiLoginPage.fCheckHomePage(MiLoginPage.java:40)
	at com.project.tests.LoginToMI.validation(LoginToMI.java:25)
... Removed 25 stack frames]]>
    </failure>
  </testcase> <!-- validation -->
</testsuite> <!-- LoginToMI_2 -->
