<?xml version="1.0" encoding="UTF-8"?>
<!-- Generated by org.testng.reporters.JUnitXMLReporter -->
<testsuite hostname="SACHINKE02" ignored="0" name="Pay a PCN" tests="1" failures="1" timestamp="21 Jul 2020 15:42:31 GMT" time="108.61" errors="0">
  <testcase name="test_PayPCN" time="99.142" classname="com.project.tests.testPayPCN">
    <failure type="java.lang.AssertionError" message="expected [true] but found [false]">
      <![CDATA[java.lang.AssertionError: expected [true] but found [false]
	at com.project.tests.testPayPCN.test_PayPCN(testPayPCN.java:29)
... Removed 29 stack frames]]>
    </failure>
  </testcase> <!-- test_PayPCN -->
</testsuite> <!-- Pay a PCN -->
