{"uuid":"2d01d5e8-e68d-4fd6-9ebc-ba71c0dfe7af","historyId":"7eac8c8af487230c6b89f459454786f","fullName":"Make payment on iyzico: Do payment on iyzico","labels":[{"name":"tag","value":"Test"},{"name":"host","value":"DESKTOP-1SEQO6R"},{"name":"thread","value":"8156@DESKTOP-1SEQO6R.main(1)"},{"name":"feature","value":"Make payment on iyzico"},{"name":"story","value":"Do payment on iyzico"},{"name":"suite","value":"Make payment on iyzico"},{"name":"testClass","value":"Do payment on iyzico"},{"name":"framework","value":"cucumber4jvm"},{"name":"language","value":"java"},{"name":"gherkin_uri","value":"file:src/test/features/Test.feature"},{"name":"package","value":"src.test.features.Test_feature.Make payment on iyzico"}],"links":[],"name":"Do payment on iyzico","status":"broken","statusDetails":{"known":false,"muted":false,"flaky":false,"message":"element click intercepted: Element <button type=\"submit\" name=\"add-to-cart\" value=\"57\" class=\"single_add_to_cart_button button alt\">...</button> is not clickable at point (1277, 22). Other element would receive the click: <header id=\"header\" class=\"site-header menu-center headroom headroom--not-bottom headroom--not-top headroom--pinned\" role=\"banner\" style=\"background-image: url();\">...</header>\n  (Session info: chrome=127.0.6533.89)\nBuild info: version: '3.141.59', revision: 'e82be7d358', time: '2018-11-14T08:17:03'\nSystem info: host: 'DESKTOP-1SEQO6R', ip: '192.168.172.151', os.name: 'Windows 11', os.arch: 'amd64', os.version: '10.0', java.version: '20.0.2'\nDriver info: org.openqa.selenium.chrome.ChromeDriver\nCapabilities {acceptInsecureCerts: false, browserName: chrome, browserVersion: 127.0.6533.89, chrome: {chromedriverVersion: 127.0.6533.88 (a2d0cb026721..., userDataDir: C:\\Users\\God\\AppData\\Local\\...}, fedcm:accounts: true, goog:chromeOptions: {debuggerAddress: localhost:49267}, javascriptEnabled: true, networkConnectionEnabled: false, pageLoadStrategy: normal, platform: WINDOWS, platformName: WINDOWS, proxy: Proxy(), setWindowRect: true, strictFileInteractability: false, timeouts: {implicit: 0, pageLoad: 300000, script: 30000}, unhandledPromptBehavior: dismiss and notify, webauthn:extension:credBlob: true, webauthn:extension:largeBlob: true, webauthn:extension:minPinLength: true, webauthn:extension:prf: true, webauthn:virtualAuthenticators: true}\nSession ID: 30481812a0ece8a859c1d147ca43969a","trace":"org.openqa.selenium.ElementClickInterceptedException: element click intercepted: Element <button type=\"submit\" name=\"add-to-cart\" value=\"57\" class=\"single_add_to_cart_button button alt\">...</button> is not clickable at point (1277, 22). Other element would receive the click: <header id=\"header\" class=\"site-header menu-center headroom headroom--not-bottom headroom--not-top headroom--pinned\" role=\"banner\" style=\"background-image: url();\">...</header>\n  (Session info: chrome=127.0.6533.89)\nBuild info: version: '3.141.59', revision: 'e82be7d358', time: '2018-11-14T08:17:03'\nSystem info: host: 'DESKTOP-1SEQO6R', ip: '192.168.172.151', os.name: 'Windows 11', os.arch: 'amd64', os.version: '10.0', java.version: '20.0.2'\nDriver info: org.openqa.selenium.chrome.ChromeDriver\nCapabilities {acceptInsecureCerts: false, browserName: chrome, browserVersion: 127.0.6533.89, chrome: {chromedriverVersion: 127.0.6533.88 (a2d0cb026721..., userDataDir: C:\\Users\\God\\AppData\\Local\\...}, fedcm:accounts: true, goog:chromeOptions: {debuggerAddress: localhost:49267}, javascriptEnabled: true, networkConnectionEnabled: false, pageLoadStrategy: normal, platform: WINDOWS, platformName: WINDOWS, proxy: Proxy(), setWindowRect: true, strictFileInteractability: false, timeouts: {implicit: 0, pageLoad: 300000, script: 30000}, unhandledPromptBehavior: dismiss and notify, webauthn:extension:credBlob: true, webauthn:extension:largeBlob: true, webauthn:extension:minPinLength: true, webauthn:extension:prf: true, webauthn:virtualAuthenticators: true}\nSession ID: 30481812a0ece8a859c1d147ca43969a\r\n\tat java.base/jdk.internal.reflect.DirectConstructorHandleAccessor.newInstance(DirectConstructorHandleAccessor.java:67)\r\n\tat java.base/java.lang.reflect.Constructor.newInstanceWithCaller(Constructor.java:500)\r\n\tat java.base/java.lang.reflect.Constructor.newInstance(Constructor.java:484)\r\n\tat org.openqa.selenium.remote.http.W3CHttpResponseCodec.createException(W3CHttpResponseCodec.java:187)\r\n\tat org.openqa.selenium.remote.http.W3CHttpResponseCodec.decode(W3CHttpResponseCodec.java:122)\r\n\tat org.openqa.selenium.remote.http.W3CHttpResponseCodec.decode(W3CHttpResponseCodec.java:49)\r\n\tat org.openqa.selenium.remote.HttpCommandExecutor.execute(HttpCommandExecutor.java:158)\r\n\tat org.openqa.selenium.remote.service.DriverCommandExecutor.execute(DriverCommandExecutor.java:83)\r\n\tat org.openqa.selenium.remote.RemoteWebDriver.execute(RemoteWebDriver.java:552)\r\n\tat org.openqa.selenium.remote.RemoteWebElement.execute(RemoteWebElement.java:285)\r\n\tat org.openqa.selenium.remote.RemoteWebElement.click(RemoteWebElement.java:84)\r\n\tat com.functions.Methods.Methods.clickOnElementIfExists(Methods.java:24)\r\n\tat com.page.ProductPage.clickOnElement(ProductPage.java:28)\r\n\tat com.page.ProductPage.clickOnAddAndShowTheBasket(ProductPage.java:56)\r\n\tat com.project.stepdefs.StepDefs.addProductToBasketAndShowTheBasket(StepDefs.java:39)\r\n\tat ✽.Add product to basket and show the basket.(file:src/test/features/Test.feature:8)\r\n"},"stage":"finished","steps":[{"name":"Then  The user opens \"https://www.iyzico.com/demo\"","status":"passed","statusDetails":{"known":false,"muted":false,"flaky":false},"stage":"finished","steps":[],"attachments":[],"parameters":[],"start":1722900251223,"stop":1722900264345},{"name":"Then  Click on product number 2.","status":"passed","statusDetails":{"known":false,"muted":false,"flaky":false},"stage":"finished","steps":[],"attachments":[],"parameters":[],"start":1722900264345,"stop":1722900267252},{"name":"Then  Add product to basket and show the basket.","status":"broken","statusDetails":{"known":false,"muted":false,"flaky":false,"message":"element click intercepted: Element <button type=\"submit\" name=\"add-to-cart\" value=\"57\" class=\"single_add_to_cart_button button alt\">...</button> is not clickable at point (1277, 22). Other element would receive the click: <header id=\"header\" class=\"site-header menu-center headroom headroom--not-bottom headroom--not-top headroom--pinned\" role=\"banner\" style=\"background-image: url();\">...</header>\n  (Session info: chrome=127.0.6533.89)\nBuild info: version: '3.141.59', revision: 'e82be7d358', time: '2018-11-14T08:17:03'\nSystem info: host: 'DESKTOP-1SEQO6R', ip: '192.168.172.151', os.name: 'Windows 11', os.arch: 'amd64', os.version: '10.0', java.version: '20.0.2'\nDriver info: org.openqa.selenium.chrome.ChromeDriver\nCapabilities {acceptInsecureCerts: false, browserName: chrome, browserVersion: 127.0.6533.89, chrome: {chromedriverVersion: 127.0.6533.88 (a2d0cb026721..., userDataDir: C:\\Users\\God\\AppData\\Local\\...}, fedcm:accounts: true, goog:chromeOptions: {debuggerAddress: localhost:49267}, javascriptEnabled: true, networkConnectionEnabled: false, pageLoadStrategy: normal, platform: WINDOWS, platformName: WINDOWS, proxy: Proxy(), setWindowRect: true, strictFileInteractability: false, timeouts: {implicit: 0, pageLoad: 300000, script: 30000}, unhandledPromptBehavior: dismiss and notify, webauthn:extension:credBlob: true, webauthn:extension:largeBlob: true, webauthn:extension:minPinLength: true, webauthn:extension:prf: true, webauthn:virtualAuthenticators: true}\nSession ID: 30481812a0ece8a859c1d147ca43969a","trace":"org.openqa.selenium.ElementClickInterceptedException: element click intercepted: Element <button type=\"submit\" name=\"add-to-cart\" value=\"57\" class=\"single_add_to_cart_button button alt\">...</button> is not clickable at point (1277, 22). Other element would receive the click: <header id=\"header\" class=\"site-header menu-center headroom headroom--not-bottom headroom--not-top headroom--pinned\" role=\"banner\" style=\"background-image: url();\">...</header>\n  (Session info: chrome=127.0.6533.89)\nBuild info: version: '3.141.59', revision: 'e82be7d358', time: '2018-11-14T08:17:03'\nSystem info: host: 'DESKTOP-1SEQO6R', ip: '192.168.172.151', os.name: 'Windows 11', os.arch: 'amd64', os.version: '10.0', java.version: '20.0.2'\nDriver info: org.openqa.selenium.chrome.ChromeDriver\nCapabilities {acceptInsecureCerts: false, browserName: chrome, browserVersion: 127.0.6533.89, chrome: {chromedriverVersion: 127.0.6533.88 (a2d0cb026721..., userDataDir: C:\\Users\\God\\AppData\\Local\\...}, fedcm:accounts: true, goog:chromeOptions: {debuggerAddress: localhost:49267}, javascriptEnabled: true, networkConnectionEnabled: false, pageLoadStrategy: normal, platform: WINDOWS, platformName: WINDOWS, proxy: Proxy(), setWindowRect: true, strictFileInteractability: false, timeouts: {implicit: 0, pageLoad: 300000, script: 30000}, unhandledPromptBehavior: dismiss and notify, webauthn:extension:credBlob: true, webauthn:extension:largeBlob: true, webauthn:extension:minPinLength: true, webauthn:extension:prf: true, webauthn:virtualAuthenticators: true}\nSession ID: 30481812a0ece8a859c1d147ca43969a\r\n\tat java.base/jdk.internal.reflect.DirectConstructorHandleAccessor.newInstance(DirectConstructorHandleAccessor.java:67)\r\n\tat java.base/java.lang.reflect.Constructor.newInstanceWithCaller(Constructor.java:500)\r\n\tat java.base/java.lang.reflect.Constructor.newInstance(Constructor.java:484)\r\n\tat org.openqa.selenium.remote.http.W3CHttpResponseCodec.createException(W3CHttpResponseCodec.java:187)\r\n\tat org.openqa.selenium.remote.http.W3CHttpResponseCodec.decode(W3CHttpResponseCodec.java:122)\r\n\tat org.openqa.selenium.remote.http.W3CHttpResponseCodec.decode(W3CHttpResponseCodec.java:49)\r\n\tat org.openqa.selenium.remote.HttpCommandExecutor.execute(HttpCommandExecutor.java:158)\r\n\tat org.openqa.selenium.remote.service.DriverCommandExecutor.execute(DriverCommandExecutor.java:83)\r\n\tat org.openqa.selenium.remote.RemoteWebDriver.execute(RemoteWebDriver.java:552)\r\n\tat org.openqa.selenium.remote.RemoteWebElement.execute(RemoteWebElement.java:285)\r\n\tat org.openqa.selenium.remote.RemoteWebElement.click(RemoteWebElement.java:84)\r\n\tat com.functions.Methods.Methods.clickOnElementIfExists(Methods.java:24)\r\n\tat com.page.ProductPage.clickOnElement(ProductPage.java:28)\r\n\tat com.page.ProductPage.clickOnAddAndShowTheBasket(ProductPage.java:56)\r\n\tat com.project.stepdefs.StepDefs.addProductToBasketAndShowTheBasket(StepDefs.java:39)\r\n\tat ✽.Add product to basket and show the basket.(file:src/test/features/Test.feature:8)\r\n"},"stage":"finished","steps":[],"attachments":[],"parameters":[],"start":1722900267252,"stop":1722900268381},{"name":"Then  Go to \"payment\" page.","status":"skipped","statusDetails":{"known":false,"muted":false,"flaky":false},"stage":"finished","steps":[],"attachments":[],"parameters":[],"start":1722900268381,"stop":1722900268381},{"name":"Then  Choose debit or credit card option and pay.","status":"skipped","statusDetails":{"known":false,"muted":false,"flaky":false},"stage":"finished","steps":[],"attachments":[],"parameters":[],"start":1722900268381,"stop":1722900268381},{"name":"Then  Fill the required credit card information.","status":"skipped","statusDetails":{"known":false,"muted":false,"flaky":false},"stage":"finished","steps":[],"attachments":[],"parameters":[],"start":1722900268381,"stop":1722900268381},{"name":"Then  Click on pay button and verify SMS code.","status":"skipped","statusDetails":{"known":false,"muted":false,"flaky":false},"stage":"finished","steps":[],"attachments":[],"parameters":[],"start":1722900268381,"stop":1722900268381},{"name":"Then  Verify if \"Sipariş Alındı\" message is displayed.","status":"skipped","statusDetails":{"known":false,"muted":false,"flaky":false},"stage":"finished","steps":[],"attachments":[],"parameters":[],"start":1722900268381,"stop":1722900268381},{"name":"Then  Close the page.","status":"skipped","statusDetails":{"known":false,"muted":false,"flaky":false},"stage":"finished","steps":[],"attachments":[],"parameters":[],"start":1722900268381,"stop":1722900268381}],"attachments":[],"parameters":[],"start":1722900251221,"stop":1722900268386}