<?xml version="1.0" encoding="UTF-8"?>
<testng-results skipped="0" failed="0" ignored="0" total="1" passed="1">
  <reporter-output>
  </reporter-output>
  <suite name="Suite" duration-ms="102562" started-at="2020-12-29T11:10:23Z" finished-at="2020-12-29T11:12:06Z">
    <groups>
      <group name="cucumber">
        <method signature="TestRunner.feature(cucumber.api.testng.CucumberFeatureWrapper)[pri:0, instance:com.project.tests.Runner.TestRunnerPartner@9ba398]" name="feature" class="com.project.tests.Runner.TestRunnerPartner"/>
      </group> <!-- cucumber -->
    </groups>
    <test name="Test" duration-ms="102562" started-at="2020-12-29T11:10:23Z" finished-at="2020-12-29T11:12:06Z">
      <class name="com.project.tests.Runner.TestRunnerPartner">
        <test-method status="PASS" signature="BeforeSuite(java.lang.String, java.lang.String, java.lang.String, java.lang.String, java.lang.String, java.lang.String, java.lang.String, java.lang.String)[pri:0, instance:com.project.tests.Runner.TestRunnerPartner@9ba398]" name="BeforeSuite" is-config="true" duration-ms="20741" started-at="2020-12-29T16:40:02Z" finished-at="2020-12-29T16:40:23Z">
          <params>
            <param index="0">
              <value>
                <![CDATA[Android]]>
              </value>
            </param>
            <param index="1">
              <value>
                <![CDATA[6.0.1]]>
              </value>
            </param>
            <param index="2">
              <value>
                <![CDATA[04d6bfeb0187efee]]>
              </value>
            </param>
            <param index="3">
              <value>
                <![CDATA[uk.gov.tfl.paytodrive]]>
              </value>
            </param>
            <param index="4">
              <value>
                <![CDATA[crc6452b5a51491009fe9.SplashActivity]]>
              </value>
            </param>
            <param index="5">
              <value>
                <![CDATA[uk.gov.tfl.paytodrive]]>
              </value>
            </param>
            <param index="6">
              <value>
                <![CDATA[crc64b976859a4c39c788.MainMenuActivity]]>
              </value>
            </param>
            <param index="7">
              <value>
                <![CDATA[]]>
              </value>
            </param>
          </params>
          <reporter-output>
          </reporter-output>
        </test-method> <!-- BeforeSuite -->
        <test-method status="PASS" signature="automationSetup(java.lang.String, java.lang.String)[pri:0, instance:com.project.tests.Runner.TestRunnerPartner@9ba398]" name="automationSetup" is-config="true" duration-ms="7063" started-at="2020-12-29T16:40:23Z" finished-at="2020-12-29T16:40:30Z">
          <params>
            <param index="0">
              <value>
                <![CDATA[Calendar.xlsx]]>
              </value>
            </param>
            <param index="1">
              <value>
                <![CDATA[]]>
              </value>
            </param>
          </params>
          <reporter-output>
          </reporter-output>
        </test-method> <!-- automationSetup -->
        <test-method status="PASS" signature="setUpClass()[pri:0, instance:com.project.tests.Runner.TestRunnerPartner@9ba398]" name="setUpClass" is-config="true" duration-ms="308" started-at="2020-12-29T16:40:30Z" finished-at="2020-12-29T16:40:31Z">
          <reporter-output>
          </reporter-output>
        </test-method> <!-- setUpClass -->
        <test-method status="PASS" signature="startRecording(java.lang.String)[pri:0, instance:com.project.tests.Runner.TestRunnerPartner@9ba398]" name="startRecording" is-config="true" duration-ms="0" started-at="2020-12-29T16:40:31Z" finished-at="2020-12-29T16:40:31Z">
          <params>
            <param index="0">
              <value>
                <![CDATA[false]]>
              </value>
            </param>
          </params>
          <reporter-output>
          </reporter-output>
        </test-method> <!-- startRecording -->
        <test-method status="PASS" signature="feature(cucumber.api.testng.CucumberFeatureWrapper)[pri:0, instance:com.project.tests.Runner.TestRunnerPartner@9ba398]" name="feature" duration-ms="95049" started-at="2020-12-29T16:40:31Z" description="Runs Cucumber Feature" data-provider="features" finished-at="2020-12-29T16:42:06Z">
          <params>
            <param index="0">
              <value>
                <![CDATA[Pay PCN and Pay to Drive in London]]>
              </value>
            </param>
          </params>
          <reporter-output>
          </reporter-output>
        </test-method> <!-- feature -->
        <test-method status="PASS" signature="stopRecording(java.lang.String, org.testng.ITestResult)[pri:0, instance:com.project.tests.Runner.TestRunnerPartner@9ba398]" name="stopRecording" is-config="true" duration-ms="0" started-at="2020-12-29T16:42:06Z" finished-at="2020-12-29T16:42:06Z">
          <params>
            <param index="0">
              <value>
                <![CDATA[false]]>
              </value>
            </param>
            <param index="1">
              <value>
                <![CDATA[[TestResult name=feature status=SUCCESS method=TestRunner.feature(cucumber.api.testng.CucumberFeatureWrapper)[pri:0, instance:com.project.tests.Runner.TestRunnerPartner@9ba398] output={null}]]]>
              </value>
            </param>
          </params>
          <reporter-output>
          </reporter-output>
        </test-method> <!-- stopRecording -->
        <test-method status="PASS" signature="tearDownClass()[pri:0, instance:com.project.tests.Runner.TestRunnerPartner@9ba398]" name="tearDownClass" is-config="true" duration-ms="3" started-at="2020-12-29T16:42:06Z" finished-at="2020-12-29T16:42:06Z">
          <reporter-output>
          </reporter-output>
        </test-method> <!-- tearDownClass -->
        <test-method status="PASS" signature="automationTeardown()[pri:0, instance:com.project.tests.Runner.TestRunnerPartner@9ba398]" name="automationTeardown" is-config="true" duration-ms="0" started-at="2020-12-29T16:42:06Z" finished-at="2020-12-29T16:42:06Z">
          <reporter-output>
          </reporter-output>
        </test-method> <!-- automationTeardown -->
        <test-method status="PASS" signature="afterSuite()[pri:0, instance:com.project.tests.Runner.TestRunnerPartner@9ba398]" name="afterSuite" is-config="true" duration-ms="27448" started-at="2020-12-29T16:42:06Z" finished-at="2020-12-29T16:42:33Z">
          <reporter-output>
          </reporter-output>
        </test-method> <!-- afterSuite -->
      </class> <!-- com.project.tests.Runner.TestRunnerPartner -->
    </test> <!-- Test -->
  </suite> <!-- Suite -->
</testng-results>
